2020-06-19 20:22:47.549  INFO 6296 --- [main] k.a.h.cse.HelloSpringBootApplication     : Starting HelloSpringBootApplication on DESKTOP-SG9E6TR with PID 6296 (C:\Users\윤정아\eclipse-workspace\helloSpringBoot\target\classes started by 윤정아 in C:\Users\윤정아\eclipse-workspace\helloSpringBoot)
2020-06-19 20:22:47.549  INFO 6296 --- [main] k.a.h.cse.HelloSpringBootApplication     : No active profile set, falling back to default profiles: default
2020-06-19 20:22:49.926  INFO 6296 --- [main] o.s.b.w.embedded.tomcat.TomcatWebServer  : Tomcat initialized with port(s): 9090 (http)
2020-06-19 20:22:49.946  INFO 6296 --- [main] o.apache.catalina.core.StandardService   : Starting service [Tomcat]
2020-06-19 20:22:49.946  INFO 6296 --- [main] org.apache.catalina.core.StandardEngine  : Starting Servlet engine: [Apache Tomcat/9.0.36]
2020-06-19 20:22:50.131  INFO 6296 --- [main] o.a.c.c.C.[Tomcat].[localhost].[/]       : Initializing Spring embedded WebApplicationContext
2020-06-19 20:22:50.131  INFO 6296 --- [main] w.s.c.ServletWebServerApplicationContext : Root WebApplicationContext: initialization completed in 2515 ms
2020-06-19 20:22:50.336  INFO 6296 --- [main] o.s.s.concurrent.ThreadPoolTaskExecutor  : Initializing ExecutorService 'applicationTaskExecutor'
2020-06-19 20:22:50.451  INFO 6296 --- [main] o.s.b.a.w.s.WelcomePageHandlerMapping    : Adding welcome page template: index
2020-06-19 20:22:50.612  WARN 6296 --- [main] ConfigServletWebServerApplicationContext : Exception encountered during context initialization - cancelling refresh attempt: org.springframework.context.ApplicationContextException: Failed to start bean 'webServerStartStop'; nested exception is org.springframework.boot.web.server.PortInUseException: Port 9090 is already in use
2020-06-19 20:22:50.614  INFO 6296 --- [main] o.s.s.concurrent.ThreadPoolTaskExecutor  : Shutting down ExecutorService 'applicationTaskExecutor'
2020-06-19 20:22:50.626  INFO 6296 --- [main] o.apache.catalina.core.StandardService   : Stopping service [Tomcat]
2020-06-19 20:22:50.656  INFO 6296 --- [main] ConditionEvaluationReportLoggingListener : 

Error starting ApplicationContext. To display the conditions report re-run your application with 'debug' enabled.
2020-06-19 20:22:50.656 ERROR 6296 --- [main] o.s.b.d.LoggingFailureAnalysisReporter   : 

***************************
APPLICATION FAILED TO START
***************************

Description:

Web server failed to start. Port 9090 was already in use.

Action:

Identify and stop the process that's listening on port 9090 or configure this application to listen on another port.

